::1 - - [25/May/2021:06:44:03 +0000] "GET /user/2 HTTP/1.1" 200 29 "-" "PostmanRuntime/7.28.0"
::1 - - [25/May/2021:06:47:28 +0000] "GET /user/1 HTTP/1.1" 200 29 "-" "PostmanRuntime/7.28.0"
::1 - - [25/May/2021:07:41:25 +0000] "GET /user/1 HTTP/1.1" - - "-" "PostmanRuntime/7.28.0"
::1 - - [25/May/2021:07:43:29 +0000] "GET /user/1 HTTP/1.1" - - "-" "Mozilla/5.0 (Windows NT 10.0; Win64; x64) AppleWebKit/537.36 (KHTML, like Gecko) Chrome/90.0.4430.212 Safari/537.36"
::1 - - [25/May/2021:07:47:28 +0000] "GET /user/1 HTTP/1.1" - - "-" "PostmanRuntime/7.28.0"
::ffff:127.0.0.1 - - [25/May/2021:07:55:45 +0000] "GET /user/1 HTTP/1.1" - - "-" "Mozilla/5.0 (Windows NT 10.0; Win64; x64) AppleWebKit/537.36 (KHTML, like Gecko) Chrome/90.0.4430.212 Safari/537.36"
::1 - - [25/May/2021:08:06:06 +0000] "GET /user/1 HTTP/1.1" - - "-" "Mozilla/5.0 (Windows NT 10.0; Win64; x64) AppleWebKit/537.36 (KHTML, like Gecko) Chrome/90.0.4430.212 Safari/537.36"
::1 - - [25/May/2021:08:23:04 +0000] "GET /user/1 HTTP/1.1" - - "-" "PostmanRuntime/7.28.0"
::1 - - [25/May/2021:09:49:01 +0000] "GET /user/1 HTTP/1.1" - - "-" "PostmanRuntime/7.28.0"
::1 - - [25/May/2021:10:16:46 +0000] "GET /user/1 HTTP/1.1" 200 2 "-" "PostmanRuntime/7.28.0"
::1 - - [25/May/2021:10:17:07 +0000] "GET /user/1 HTTP/1.1" 200 2 "-" "Mozilla/5.0 (Windows NT 10.0; Win64; x64) AppleWebKit/537.36 (KHTML, like Gecko) Chrome/90.0.4430.212 Safari/537.36"
::1 - - [25/May/2021:10:17:07 +0000] "GET /favicon.ico HTTP/1.1" 404 19 "-" "Mozilla/5.0 (Windows NT 10.0; Win64; x64) AppleWebKit/537.36 (KHTML, like Gecko) Chrome/90.0.4430.212 Safari/537.36"
::1 - - [25/May/2021:10:18:42 +0000] "GET /user/1 HTTP/1.1" 200 2 "-" "PostmanRuntime/7.28.0"
::1 - - [25/May/2021:10:53:45 +0000] "GET /user/1 HTTP/1.1" 200 2 "-" "PostmanRuntime/7.28.0"
::1 - - [25/May/2021:10:56:30 +0000] "GET /user/1 HTTP/1.1" 200 2 "-" "PostmanRuntime/7.28.0"
::1 - - [25/May/2021:10:57:31 +0000] "GET /user/1 HTTP/1.1" 200 2 "-" "PostmanRuntime/7.28.0"
::1 - - [25/May/2021:10:57:55 +0000] "GET /user/3 HTTP/1.1" 200 2 "-" "PostmanRuntime/7.28.0"
::1 - - [25/May/2021:10:58:20 +0000] "GET /user/3 HTTP/1.1" 200 2 "-" "Mozilla/5.0 (Windows NT 10.0; Win64; x64) AppleWebKit/537.36 (KHTML, like Gecko) Chrome/90.0.4430.212 Safari/537.36"
::1 - - [25/May/2021:10:58:55 +0000] "GET /user/8 HTTP/1.1" 200 2 "-" "Mozilla/5.0 (Windows NT 10.0; Win64; x64) AppleWebKit/537.36 (KHTML, like Gecko) Chrome/90.0.4430.212 Safari/537.36"
::1 - - [25/May/2021:10:59:02 +0000] "GET /user/11 HTTP/1.1" 200 2 "-" "Mozilla/5.0 (Windows NT 10.0; Win64; x64) AppleWebKit/537.36 (KHTML, like Gecko) Chrome/90.0.4430.212 Safari/537.36"
::1 - - [25/May/2021:12:13:52 +0000] "GET /user/3 HTTP/1.1" 400 38 "-" "PostmanRuntime/7.28.0"
::1 - - [25/May/2021:12:14:38 +0000] "GET /user/3 HTTP/1.1" 400 38 "-" "PostmanRuntime/7.28.0"
::1 - - [25/May/2021:12:14:45 +0000] "GET /user/2 HTTP/1.1" 400 38 "-" "PostmanRuntime/7.28.0"
::1 - - [25/May/2021:12:17:06 +0000] "POST /user/createUser HTTP/1.1" 400 72 "-" "PostmanRuntime/7.28.0"
::1 - - [25/May/2021:12:20:01 +0000] "POST /user/createUser HTTP/1.1" 200 133 "-" "PostmanRuntime/7.28.0"
::1 - - [25/May/2021:12:20:21 +0000] "GET /user/1 HTTP/1.1" 200 133 "-" "PostmanRuntime/7.28.0"
::1 - - [25/May/2021:12:20:53 +0000] "GET /user/createUser HTTP/1.1" - - "-" "PostmanRuntime/7.28.0"
::1 - - [25/May/2021:12:21:00 +0000] "POST /user/createUser HTTP/1.1" 200 129 "-" "PostmanRuntime/7.28.0"
::1 - - [25/May/2021:12:21:11 +0000] "GET /user/2 HTTP/1.1" 200 129 "-" "PostmanRuntime/7.28.0"
::1 - - [25/May/2021:12:21:23 +0000] "GET /user/1 HTTP/1.1" 200 133 "-" "PostmanRuntime/7.28.0"
::1 - - [25/May/2021:12:24:41 +0000] "POST /user/createUser HTTP/1.1" 200 134 "-" "PostmanRuntime/7.28.0"
::1 - - [25/May/2021:12:30:26 +0000] "GET /user/2 HTTP/1.1" 200 129 "-" "PostmanRuntime/7.28.0"
::1 - - [25/May/2021:12:30:31 +0000] "GET /user/1 HTTP/1.1" 200 133 "-" "PostmanRuntime/7.28.0"
::1 - - [25/May/2021:12:30:37 +0000] "GET /user/3 HTTP/1.1" 200 134 "-" "PostmanRuntime/7.28.0"
::1 - - [25/May/2021:12:30:41 +0000] "GET /user/5 HTTP/1.1" 400 38 "-" "PostmanRuntime/7.28.0"
::1 - - [25/May/2021:12:31:07 +0000] "GET /user/2 HTTP/1.1" 200 129 "-" "Mozilla/5.0 (Windows NT 10.0; Win64; x64) AppleWebKit/537.36 (KHTML, like Gecko) Chrome/90.0.4430.212 Safari/537.36"
::1 - - [25/May/2021:12:31:15 +0000] "GET /user/6 HTTP/1.1" 400 38 "-" "Mozilla/5.0 (Windows NT 10.0; Win64; x64) AppleWebKit/537.36 (KHTML, like Gecko) Chrome/90.0.4430.212 Safari/537.36"
::1 - - [25/May/2021:12:31:21 +0000] "GET /user/2 HTTP/1.1" 304 - "-" "Mozilla/5.0 (Windows NT 10.0; Win64; x64) AppleWebKit/537.36 (KHTML, like Gecko) Chrome/90.0.4430.212 Safari/537.36"
::1 - - [25/May/2021:12:35:19 +0000] "DELETE /user/1 HTTP/1.1" 404 19 "-" "PostmanRuntime/7.28.0"
::1 - - [25/May/2021:12:36:33 +0000] "POST /user/delete HTTP/1.1" 500 99 "-" "PostmanRuntime/7.28.0"
::1 - - [25/May/2021:12:45:56 +0000] "POST /user/delete HTTP/1.1" 200 38 "-" "PostmanRuntime/7.28.0"
::1 - - [25/May/2021:12:46:39 +0000] "GET /user/1 HTTP/1.1" 400 38 "-" "PostmanRuntime/7.28.0"
::1 - - [25/May/2021:12:47:17 +0000] "POST /user HTTP/1.1" 404 19 "-" "PostmanRuntime/7.28.0"
::1 - - [25/May/2021:12:47:31 +0000] "POST /user/createUser HTTP/1.1" 200 132 "-" "PostmanRuntime/7.28.0"
::1 - - [25/May/2021:12:47:48 +0000] "POST /user/createUser HTTP/1.1" 200 128 "-" "PostmanRuntime/7.28.0"
::1 - - [25/May/2021:12:48:19 +0000] "POST /user/delete HTTP/1.1" 200 38 "-" "PostmanRuntime/7.28.0"
::1 - - [25/May/2021:12:48:47 +0000] "GET /user/5 HTTP/1.1" 400 38 "-" "PostmanRuntime/7.28.0"
::1 - - [25/May/2021:12:49:33 +0000] "POST /user/createUser HTTP/1.1" 200 133 "-" "PostmanRuntime/7.28.0"
::1 - - [25/May/2021:12:50:21 +0000] "POST /user/createUser HTTP/1.1" 200 129 "-" "PostmanRuntime/7.28.0"
::1 - - [25/May/2021:12:50:43 +0000] "POST /user/createUser HTTP/1.1" 200 131 "-" "PostmanRuntime/7.28.0"
::1 - - [25/May/2021:12:51:20 +0000] "POST /user/delete HTTP/1.1" 200 38 "-" "PostmanRuntime/7.28.0"
::1 - - [25/May/2021:12:53:00 +0000] "POST /user/createUser HTTP/1.1" 200 133 "-" "PostmanRuntime/7.28.0"
::1 - - [25/May/2021:12:53:34 +0000] "POST /user/createUser HTTP/1.1" 200 130 "-" "PostmanRuntime/7.28.0"
::1 - - [25/May/2021:12:54:07 +0000] "POST /user/delete HTTP/1.1" 200 38 "-" "PostmanRuntime/7.28.0"
::1 - - [26/May/2021:04:24:20 +0000] "GET /user/8 HTTP/1.1" 400 38 "-" "PostmanRuntime/7.28.0"
::1 - - [26/May/2021:04:24:31 +0000] "GET /user/10 HTTP/1.1" 200 130 "-" "PostmanRuntime/7.28.0"
::1 - - [26/May/2021:04:42:40 +0000] "GET /user/2 HTTP/1.1" 400 38 "-" "Mozilla/5.0 (Windows NT 10.0; Win64; x64) AppleWebKit/537.36 (KHTML, like Gecko) Chrome/90.0.4430.212 Safari/537.36"
::1 - - [26/May/2021:04:42:46 +0000] "GET /user/10 HTTP/1.1" 200 130 "-" "Mozilla/5.0 (Windows NT 10.0; Win64; x64) AppleWebKit/537.36 (KHTML, like Gecko) Chrome/90.0.4430.212 Safari/537.36"
